[INFO] Nenhuma alteração detectada em Mon Sep  1 09:27:28 PM -03 2025
[2025-09-01 23:06:45] Backup iniciado...
[2025-09-01 23:06:45] Alterações commitadas e enviadas com sucesso.
[2025-09-02 08:00:01] Backup iniciado...
[2025-09-02 08:00:01] Conexão com GitHub verificada.
[2025-09-02 08:00:01] ✅ Alterações commitadas e enviadas com sucesso.
[2025-09-03 08:00:01] Backup iniciado...
[2025-09-03 08:00:01] Conexão com GitHub verificada.
[2025-09-03 08:00:01] ✅ Alterações commitadas e enviadas com sucesso.
[2025-09-04 08:00:01] Backup iniciado...
[2025-09-04 08:00:01] Conexão com GitHub verificada.
[2025-09-04 08:00:01] ✅ Alterações commitadas e enviadas com sucesso.
[2025-09-05 08:00:01] Backup iniciado...
[2025-09-05 08:00:01] Conexão com GitHub verificada.
[2025-09-05 08:00:01] ✅ Alterações commitadas e enviadas com sucesso.
[2025-09-09 08:00:01] Backup iniciado...
[2025-09-09 08:00:01] Conexão com GitHub verificada.
[2025-09-09 08:00:01] ✅ Alterações commitadas e enviadas com sucesso.
[2025-09-15 08:00:01] Backup iniciado...
[2025-09-15 08:00:01] Conexão com GitHub verificada.
[2025-09-15 08:00:01] ✅ Alterações commitadas e enviadas com sucesso.
[2025-09-16 08:00:01] Backup iniciado...
[2025-09-16 08:00:01] Conexão com GitHub verificada.
[2025-09-16 08:00:01] ✅ Alterações commitadas e enviadas com sucesso.
[2025-09-17 08:00:01] Backup iniciado...
[2025-09-17 08:00:01] Conexão com GitHub verificada.
[2025-09-17 08:00:01] ✅ Alterações commitadas e enviadas com sucesso.
[2025-09-18 08:00:01] Backup iniciado...
[2025-09-18 08:00:01] Conexão com GitHub verificada.
[2025-09-18 08:00:01] ✅ Alterações commitadas e enviadas com sucesso.
[2025-09-19 08:00:01] Backup iniciado...
[2025-09-19 08:00:01] Conexão com GitHub verificada.
